<?xml version="1.0" encoding="UTF-8"?>
<testsuite name="CalculatorServiceImplTest" tests="2" skipped="0" failures="0" errors="0" timestamp="2020-12-23T14:22:54" hostname="NICK" time="0.003">
  <properties/>
  <testcase name="sum" classname="CalculatorServiceImplTest" time="0.002"/>
  <testcase name="prod" classname="CalculatorServiceImplTest" time="0.0"/>
  <system-out><![CDATA[]]></system-out>
  <system-err><![CDATA[]]></system-err>
</testsuite>
